<?xml version="1.0" encoding="UTF-8"?>
<testng-results ignored="0" total="1" passed="1" failed="0" skipped="0">
  <reporter-output>
    <line>
      <![CDATA[Product 1 successfully added to your shopping car]]>
    </line>
    <line>
      <![CDATA[Product 2 successfully added to your shopping car]]>
    </line>
  </reporter-output>
  <suite started-at="2022-08-19T16:03:05 IST" name="Default suite" finished-at="2022-08-19T16:04:10 IST" duration-ms="64826">
    <groups>
    </groups>
    <test started-at="2022-08-19T16:03:05 IST" name="Default test" finished-at="2022-08-19T16:04:10 IST" duration-ms="64826">
      <class name="testcases.HomePageTest">
        <test-method is-config="true" signature="iniExtentReport()[pri:0, instance:testcases.HomePageTest@201a4587]" started-at="2022-08-19T16:03:05 IST" name="iniExtentReport" finished-at="2022-08-19T16:03:06 IST" duration-ms="1104" status="PASS">
          <reporter-output>
          </reporter-output>
        </test-method> <!-- iniExtentReport -->
        <test-method is-config="true" signature="setUp()[pri:0, instance:testcases.HomePageTest@201a4587]" started-at="2022-08-19T16:03:07 IST" name="setUp" finished-at="2022-08-19T16:03:11 IST" duration-ms="4159" status="PASS">
          <reporter-output>
          </reporter-output>
        </test-method> <!-- setUp -->
        <test-method signature="homepageTest()[pri:0, instance:testcases.HomePageTest@201a4587]" started-at="2022-08-19T16:03:11 IST" name="homepageTest" finished-at="2022-08-19T16:04:09 IST" duration-ms="58089" status="PASS">
          <reporter-output>
            <line>
              <![CDATA[Product 1 successfully added to your shopping car]]>
            </line>
            <line>
              <![CDATA[Product 2 successfully added to your shopping car]]>
            </line>
          </reporter-output>
        </test-method> <!-- homepageTest -->
        <test-method is-config="true" signature="tearDown(org.testng.ITestResult)[pri:0, instance:testcases.HomePageTest@201a4587]" started-at="2022-08-19T16:04:09 IST" name="tearDown" finished-at="2022-08-19T16:04:09 IST" duration-ms="3" status="PASS">
          <params>
            <param index="0">
              <value>
                <![CDATA[[TestResult name=homepageTest status=SUCCESS method=HomePageTest.homepageTest()[pri:0, instance:testcases.HomePageTest@201a4587] output=Product 1 successfully added to your shopping car]]]>
              </value>
            </param>
          </params>
          <reporter-output>
          </reporter-output>
        </test-method> <!-- tearDown -->
        <test-method is-config="true" signature="tearDown()[pri:0, instance:testcases.HomePageTest@201a4587]" started-at="2022-08-19T16:04:09 IST" name="tearDown" finished-at="2022-08-19T16:04:10 IST" duration-ms="898" status="PASS">
          <reporter-output>
          </reporter-output>
        </test-method> <!-- tearDown -->
        <test-method is-config="true" signature="closeSuite()[pri:0, instance:testcases.HomePageTest@201a4587]" started-at="2022-08-19T16:04:10 IST" name="closeSuite" finished-at="2022-08-19T16:04:10 IST" duration-ms="510" status="PASS">
          <reporter-output>
          </reporter-output>
        </test-method> <!-- closeSuite -->
      </class> <!-- testcases.HomePageTest -->
    </test> <!-- Default test -->
  </suite> <!-- Default suite -->
</testng-results>
